This file contains any messages produced by compilers while
running configure, to aid debugging if configure makes a mistake.

It was created by configure, which was
generated by GNU Autoconf 2.63.  Invocation command line was

  $ ./configure --no-create --no-recursion

## --------- ##
## Platform. ##
## --------- ##

hostname = cq02-url-system13.cq02.baidu.com
uname -m = x86_64
uname -r = 2.6.32_1-13-0-0
uname -s = Linux
uname -v = #24 SMP Thu Dec 26 12:28:11 CST 2013

/usr/bin/uname -p = unknown
/bin/uname -X     = unknown

/bin/arch              = x86_64
/usr/bin/arch -k       = unknown
/usr/convex/getsysinfo = unknown
/usr/bin/hostinfo      = unknown
/bin/machine           = unknown
/usr/bin/oslevel       = unknown
/bin/universe          = unknown

PATH: /home/work/local/bin
PATH: /home/yankunli/local/bin
PATH: /usr/lib64/qt-3.3/bin
PATH: /usr/local/bin
PATH: /bin
PATH: /usr/bin
PATH: /usr/local/sbin
PATH: /usr/sbin
PATH: /sbin
PATH: /opt/bin
PATH: /home/opt/bin


## ----------- ##
## Core tests. ##
## ----------- ##

configure:2060: checking for a BSD-compatible install
configure:2128: result: /usr/bin/install -c
configure:2139: checking whether build environment is sane
configure:2199: result: yes
configure:2340: checking for a thread-safe mkdir -p
configure:2379: result: /bin/mkdir -p
configure:2392: checking for gawk
configure:2408: found /bin/gawk
configure:2419: result: gawk
configure:2430: checking whether make sets $(MAKE)
configure:2452: result: yes
configure:2589: checking for gcc
configure:2605: found /usr/bin/gcc
configure:2616: result: gcc
configure:2848: checking for C compiler version
configure:2856: gcc --version >&5
gcc (GCC) 4.4.6 20120305 (Red Hat 4.4.6-4)
Copyright (C) 2010 Free Software Foundation, Inc.
This is free software; see the source for copying conditions.  There is NO
warranty; not even for MERCHANTABILITY or FITNESS FOR A PARTICULAR PURPOSE.

configure:2860: $? = 0
configure:2867: gcc -v >&5
Using built-in specs.
Target: x86_64-redhat-linux
Configured with: ../configure --prefix=/usr --mandir=/usr/share/man --infodir=/usr/share/info --with-bugurl=http://bugzilla.redhat.com/bugzilla --enable-bootstrap --enable-shared --enable-threads=posix --enable-checking=release --with-system-zlib --enable-__cxa_atexit --disable-libunwind-exceptions --enable-gnu-unique-object --enable-languages=c,c++,objc,obj-c++,java,fortran,ada --enable-java-awt=gtk --disable-dssi --with-java-home=/usr/lib/jvm/java-1.5.0-gcj-1.5.0.0/jre --enable-libgcj-multifile --enable-java-maintainer-mode --with-ecj-jar=/usr/share/java/eclipse-ecj.jar --disable-libjava-multilib --with-ppl --with-cloog --with-tune=generic --build=x86_64-redhat-linux
Thread model: posix
gcc version 4.4.6 20120305 (Red Hat 4.4.6-4) (GCC) 
configure:2871: $? = 0
configure:2878: gcc -V >&5
gcc: '-V' option must have argument
configure:2882: $? = 1
configure:2905: checking for C compiler default output file name
configure:2927: gcc    conftest.c  >&5
configure:2931: $? = 0
configure:2969: result: a.out
configure:2988: checking whether the C compiler works
configure:2998: ./a.out
configure:3002: $? = 0
configure:3021: result: yes
configure:3028: checking whether we are cross compiling
configure:3030: result: no
configure:3033: checking for suffix of executables
configure:3040: gcc -o conftest    conftest.c  >&5
configure:3044: $? = 0
configure:3070: result: 
configure:3076: checking for suffix of object files
configure:3102: gcc -c   conftest.c >&5
configure:3106: $? = 0
configure:3131: result: o
configure:3135: checking whether we are using the GNU C compiler
configure:3164: gcc -c   conftest.c >&5
configure:3171: $? = 0
configure:3188: result: yes
configure:3197: checking whether gcc accepts -g
configure:3227: gcc -c -g  conftest.c >&5
configure:3234: $? = 0
configure:3335: result: yes
configure:3352: checking for gcc option to accept ISO C89
configure:3426: gcc  -c -g -O2  conftest.c >&5
configure:3433: $? = 0
configure:3456: result: none needed
configure:3485: checking for style of include used by make
configure:3513: result: GNU
configure:3538: checking dependency style of gcc
configure:3648: result: none
configure:3677: checking for a BSD-compatible install
configure:3745: result: /usr/bin/install -c
configure:3756: checking whether ln -s works
configure:3760: result: yes
configure:3774: checking how to run the C preprocessor
configure:3814: gcc -E  conftest.c
configure:3821: $? = 0
configure:3852: gcc -E  conftest.c
conftest.c:10:28: error: ac_nonexistent.h: No such file or directory
configure:3859: $? = 1
configure: failed program was:
| /* confdefs.h.  */
| #define PACKAGE_NAME ""
| #define PACKAGE_TARNAME ""
| #define PACKAGE_VERSION ""
| #define PACKAGE_STRING ""
| #define PACKAGE_BUGREPORT ""
| #define PACKAGE "libevent"
| #define VERSION "1.4.9-stable"
| /* end confdefs.h.  */
| #include <ac_nonexistent.h>
configure:3892: result: gcc -E
configure:3921: gcc -E  conftest.c
configure:3928: $? = 0
configure:3959: gcc -E  conftest.c
conftest.c:10:28: error: ac_nonexistent.h: No such file or directory
configure:3966: $? = 1
configure: failed program was:
| /* confdefs.h.  */
| #define PACKAGE_NAME ""
| #define PACKAGE_TARNAME ""
| #define PACKAGE_VERSION ""
| #define PACKAGE_STRING ""
| #define PACKAGE_BUGREPORT ""
| #define PACKAGE "libevent"
| #define VERSION "1.4.9-stable"
| /* end confdefs.h.  */
| #include <ac_nonexistent.h>
configure:4006: checking for grep that handles long lines and -e
configure:4066: result: /bin/grep
configure:4071: checking for egrep
configure:4135: result: /bin/grep -E
configure:4141: checking whether gcc needs -traditional
configure:4183: result: no
configure:4231: checking build system type
configure:4249: result: x86_64-unknown-linux-gnu
configure:4271: checking host system type
configure:4286: result: x86_64-unknown-linux-gnu
configure:4308: checking for a sed that does not truncate output
configure:4374: result: /bin/sed
configure:4392: checking for fgrep
configure:4456: result: /bin/grep -F
configure:4491: checking for ld used by gcc
configure:4558: result: /usr/bin/ld
configure:4567: checking if the linker (/usr/bin/ld) is GNU ld
configure:4582: result: yes
configure:4594: checking for BSD- or MS-compatible name lister (nm)
configure:4643: result: /usr/bin/nm -B
configure:4761: checking the name lister (/usr/bin/nm -B) interface
configure:4768: gcc -c -g -O2 -Wall  conftest.c >&5
configure:4771: /usr/bin/nm -B "conftest.o"
configure:4774: output
0000000000000000 B some_variable
configure:4781: result: BSD nm
configure:4785: checking the maximum length of command line arguments
configure:4905: result: 1966080
configure:4922: checking whether the shell understands some XSI constructs
configure:4932: result: yes
configure:4936: checking whether the shell understands "+="
configure:4942: result: yes
configure:4977: checking for /usr/bin/ld option to reload object files
configure:4984: result: -r
configure:5053: checking for objdump
configure:5069: found /usr/bin/objdump
configure:5080: result: objdump
configure:5112: checking how to recognize dependent libraries
configure:5308: result: pass_all
configure:5368: checking for ar
configure:5384: found /usr/bin/ar
configure:5395: result: ar
configure:5473: checking for strip
configure:5489: found /usr/bin/strip
configure:5500: result: strip
configure:5572: checking for ranlib
configure:5588: found /usr/bin/ranlib
configure:5599: result: ranlib
configure:5689: checking command to parse /usr/bin/nm -B output from gcc object
configure:5807: gcc -c -g -O2 -Wall  conftest.c >&5
configure:5810: $? = 0
configure:5814: /usr/bin/nm -B conftest.o \| sed -n -e 's/^.*[	 ]\([ABCDGIRSTW][ABCDGIRSTW]*\)[	 ][	 ]*\([_A-Za-z][_A-Za-z0-9]*\)$/\1 \2 \2/p' \> conftest.nm
configure:5817: $? = 0
configure:5871: gcc -o conftest -g -O2 -Wall   conftest.c conftstm.o >&5
configure:5874: $? = 0
configure:5912: result: ok
configure:6007: gcc -c -g -O2 -Wall  conftest.c >&5
configure:6010: $? = 0
configure:6773: checking for ANSI C header files
configure:6803: gcc -c -g -O2 -Wall  conftest.c >&5
configure:6810: $? = 0
configure:6909: gcc -o conftest -g -O2 -Wall   conftest.c  >&5
configure:6913: $? = 0
configure:6919: ./conftest
configure:6923: $? = 0
configure:6941: result: yes
configure:6965: checking for sys/types.h
configure:6986: gcc -c -g -O2 -Wall  conftest.c >&5
configure:6993: $? = 0
configure:7010: result: yes
configure:6965: checking for sys/stat.h
configure:6986: gcc -c -g -O2 -Wall  conftest.c >&5
configure:6993: $? = 0
configure:7010: result: yes
configure:6965: checking for stdlib.h
configure:6986: gcc -c -g -O2 -Wall  conftest.c >&5
configure:6993: $? = 0
configure:7010: result: yes
configure:6965: checking for string.h
configure:6986: gcc -c -g -O2 -Wall  conftest.c >&5
configure:6993: $? = 0
configure:7010: result: yes
configure:6965: checking for memory.h
configure:6986: gcc -c -g -O2 -Wall  conftest.c >&5
configure:6993: $? = 0
configure:7010: result: yes
configure:6965: checking for strings.h
configure:6986: gcc -c -g -O2 -Wall  conftest.c >&5
configure:6993: $? = 0
configure:7010: result: yes
configure:6965: checking for inttypes.h
configure:6986: gcc -c -g -O2 -Wall  conftest.c >&5
configure:6993: $? = 0
configure:7010: result: yes
configure:6965: checking for stdint.h
configure:6986: gcc -c -g -O2 -Wall  conftest.c >&5
configure:6993: $? = 0
configure:7010: result: yes
configure:6965: checking for unistd.h
configure:6986: gcc -c -g -O2 -Wall  conftest.c >&5
configure:6993: $? = 0
configure:7010: result: yes
configure:7028: checking for dlfcn.h
configure:7049: gcc -c -g -O2 -Wall  conftest.c >&5
configure:7056: $? = 0
configure:7073: result: yes
configure:7259: checking for objdir
configure:7274: result: .libs
configure:7566: checking if gcc supports -fno-rtti -fno-exceptions
configure:7584: gcc -c -g -O2 -Wall  -fno-rtti -fno-exceptions conftest.c >&5
cc1: warning: command line option "-fno-rtti" is valid for C++/ObjC++ but not for C
configure:7588: $? = 0
configure:7601: result: no
configure:7621: checking for gcc option to produce PIC
configure:7893: result: -fPIC -DPIC
configure:7905: checking if gcc PIC flag -fPIC -DPIC works
configure:7923: gcc -c -g -O2 -Wall  -fPIC -DPIC -DPIC conftest.c >&5
configure:7927: $? = 0
configure:7940: result: yes
configure:7964: checking if gcc static flag -static works
configure:7992: result: no
configure:8007: checking if gcc supports -c -o file.o
configure:8028: gcc -c -g -O2 -Wall  -o out/conftest2.o conftest.c >&5
configure:8032: $? = 0
configure:8054: result: yes
configure:8062: checking if gcc supports -c -o file.o
configure:8109: result: yes
configure:8142: checking whether the gcc linker (/usr/bin/ld -m elf_x86_64) supports shared libraries
configure:9216: result: yes
configure:9253: checking whether -lc should be explicitly linked in
configure:9258: gcc -c -g -O2 -Wall  conftest.c >&5
configure:9261: $? = 0
configure:9276: gcc -shared conftest.o  -v -Wl,-soname -Wl,conftest -o conftest 2\>\&1 \| /bin/grep  -lc  \>/dev/null 2\>\&1
configure:9279: $? = 0
configure:9291: result: no
configure:9455: checking dynamic linker characteristics
configure:9898: gcc -o conftest -g -O2 -Wall   -Wl,-rpath -Wl,/foo conftest.c  >&5
configure:9905: $? = 0
configure:10141: result: GNU/Linux ld.so
configure:10243: checking how to hardcode library paths into programs
configure:10268: result: immediate
configure:11101: checking whether stripping libraries is possible
configure:11106: result: yes
configure:11141: checking if libtool supports shared libraries
configure:11143: result: yes
configure:11146: checking whether to build shared libraries
configure:11167: result: yes
configure:11170: checking whether to build static libraries
configure:11174: result: yes
configure:11213: checking for socket in -lsocket
configure:11248: gcc -o conftest -g -O2 -Wall   conftest.c -lsocket   >&5
/usr/bin/ld: cannot find -lsocket
collect2: ld returned 1 exit status
configure:11255: $? = 1
configure: failed program was:
| /* confdefs.h.  */
| #define PACKAGE_NAME ""
| #define PACKAGE_TARNAME ""
| #define PACKAGE_VERSION ""
| #define PACKAGE_STRING ""
| #define PACKAGE_BUGREPORT ""
| #define PACKAGE "libevent"
| #define VERSION "1.4.9-stable"
| #define STDC_HEADERS 1
| #define HAVE_SYS_TYPES_H 1
| #define HAVE_SYS_STAT_H 1
| #define HAVE_STDLIB_H 1
| #define HAVE_STRING_H 1
| #define HAVE_MEMORY_H 1
| #define HAVE_STRINGS_H 1
| #define HAVE_INTTYPES_H 1
| #define HAVE_STDINT_H 1
| #define HAVE_UNISTD_H 1
| #define HAVE_DLFCN_H 1
| #define LT_OBJDIR ".libs/"
| /* end confdefs.h.  */
| 
| /* Override any GCC internal prototype to avoid an error.
|    Use char because int might match the return type of a GCC
|    builtin and then its argument prototype would still apply.  */
| #ifdef __cplusplus
| extern "C"
| #endif
| char socket ();
| int
| main ()
| {
| return socket ();
|   ;
|   return 0;
| }
configure:11276: result: no
configure:11288: checking for inet_aton in -lresolv
configure:11323: gcc -o conftest -g -O2 -Wall   conftest.c -lresolv   >&5
configure:11330: $? = 0
configure:11351: result: yes
configure:11363: checking for clock_gettime in -lrt
configure:11398: gcc -o conftest -g -O2 -Wall   conftest.c -lrt  -lresolv  >&5
configure:11405: $? = 0
configure:11426: result: yes
configure:11438: checking for inet_ntoa in -lnsl
configure:11473: gcc -o conftest -g -O2 -Wall   conftest.c -lnsl  -lrt -lresolv  >&5
configure:11480: $? = 0
configure:11501: result: yes
configure:11513: checking for ANSI C header files
configure:11681: result: yes
configure:11724: checking fcntl.h usability
configure:11741: gcc -c -g -O2 -Wall  conftest.c >&5
configure:11748: $? = 0
configure:11762: result: yes
configure:11766: checking fcntl.h presence
configure:11781: gcc -E  conftest.c
configure:11788: $? = 0
configure:11802: result: yes
configure:11830: checking for fcntl.h
configure:11839: result: yes
configure:11724: checking stdarg.h usability
configure:11741: gcc -c -g -O2 -Wall  conftest.c >&5
configure:11748: $? = 0
configure:11762: result: yes
configure:11766: checking stdarg.h presence
configure:11781: gcc -E  conftest.c
configure:11788: $? = 0
configure:11802: result: yes
configure:11830: checking for stdarg.h
configure:11839: result: yes
configure:11713: checking for inttypes.h
configure:11720: result: yes
configure:11713: checking for stdint.h
configure:11720: result: yes
configure:11724: checking poll.h usability
configure:11741: gcc -c -g -O2 -Wall  conftest.c >&5
configure:11748: $? = 0
configure:11762: result: yes
configure:11766: checking poll.h presence
configure:11781: gcc -E  conftest.c
configure:11788: $? = 0
configure:11802: result: yes
configure:11830: checking for poll.h
configure:11839: result: yes
configure:11724: checking signal.h usability
configure:11741: gcc -c -g -O2 -Wall  conftest.c >&5
configure:11748: $? = 0
configure:11762: result: yes
configure:11766: checking signal.h presence
configure:11781: gcc -E  conftest.c
configure:11788: $? = 0
configure:11802: result: yes
configure:11830: checking for signal.h
configure:11839: result: yes
configure:11713: checking for unistd.h
configure:11720: result: yes
configure:11724: checking sys/epoll.h usability
configure:11741: gcc -c -g -O2 -Wall  conftest.c >&5
configure:11748: $? = 0
configure:11762: result: yes
configure:11766: checking sys/epoll.h presence
configure:11781: gcc -E  conftest.c
configure:11788: $? = 0
configure:11802: result: yes
configure:11830: checking for sys/epoll.h
configure:11839: result: yes
configure:11724: checking sys/time.h usability
configure:11741: gcc -c -g -O2 -Wall  conftest.c >&5
configure:11748: $? = 0
configure:11762: result: yes
configure:11766: checking sys/time.h presence
configure:11781: gcc -E  conftest.c
configure:11788: $? = 0
configure:11802: result: yes
configure:11830: checking for sys/time.h
configure:11839: result: yes
configure:11724: checking sys/queue.h usability
configure:11741: gcc -c -g -O2 -Wall  conftest.c >&5
configure:11748: $? = 0
configure:11762: result: yes
configure:11766: checking sys/queue.h presence
configure:11781: gcc -E  conftest.c
configure:11788: $? = 0
configure:11802: result: yes
configure:11830: checking for sys/queue.h
configure:11839: result: yes
configure:11724: checking sys/event.h usability
configure:11741: gcc -c -g -O2 -Wall  conftest.c >&5
conftest.c:69:23: error: sys/event.h: No such file or directory
configure:11748: $? = 1
configure: failed program was:
| /* confdefs.h.  */
| #define PACKAGE_NAME ""
| #define PACKAGE_TARNAME ""
| #define PACKAGE_VERSION ""
| #define PACKAGE_STRING ""
| #define PACKAGE_BUGREPORT ""
| #define PACKAGE "libevent"
| #define VERSION "1.4.9-stable"
| #define STDC_HEADERS 1
| #define HAVE_SYS_TYPES_H 1
| #define HAVE_SYS_STAT_H 1
| #define HAVE_STDLIB_H 1
| #define HAVE_STRING_H 1
| #define HAVE_MEMORY_H 1
| #define HAVE_STRINGS_H 1
| #define HAVE_INTTYPES_H 1
| #define HAVE_STDINT_H 1
| #define HAVE_UNISTD_H 1
| #define HAVE_DLFCN_H 1
| #define LT_OBJDIR ".libs/"
| #define HAVE_LIBRESOLV 1
| #define HAVE_LIBRT 1
| #define HAVE_LIBNSL 1
| #define STDC_HEADERS 1
| #define HAVE_FCNTL_H 1
| #define HAVE_STDARG_H 1
| #define HAVE_INTTYPES_H 1
| #define HAVE_STDINT_H 1
| #define HAVE_POLL_H 1
| #define HAVE_SIGNAL_H 1
| #define HAVE_UNISTD_H 1
| #define HAVE_SYS_EPOLL_H 1
| #define HAVE_SYS_TIME_H 1
| #define HAVE_SYS_QUEUE_H 1
| /* end confdefs.h.  */
| #include <stdio.h>
| #ifdef HAVE_SYS_TYPES_H
| # include <sys/types.h>
| #endif
| #ifdef HAVE_SYS_STAT_H
| # include <sys/stat.h>
| #endif
| #ifdef STDC_HEADERS
| # include <stdlib.h>
| # include <stddef.h>
| #else
| # ifdef HAVE_STDLIB_H
| #  include <stdlib.h>
| # endif
| #endif
| #ifdef HAVE_STRING_H
| # if !defined STDC_HEADERS && defined HAVE_MEMORY_H
| #  include <memory.h>
| # endif
| # include <string.h>
| #endif
| #ifdef HAVE_STRINGS_H
| # include <strings.h>
| #endif
| #ifdef HAVE_INTTYPES_H
| # include <inttypes.h>
| #endif
| #ifdef HAVE_STDINT_H
| # include <stdint.h>
| #endif
| #ifdef HAVE_UNISTD_H
| # include <unistd.h>
| #endif
| #include <sys/event.h>
configure:11762: result: no
configure:11766: checking sys/event.h presence
configure:11781: gcc -E  conftest.c
conftest.c:36:23: error: sys/event.h: No such file or directory
configure:11788: $? = 1
configure: failed program was:
| /* confdefs.h.  */
| #define PACKAGE_NAME ""
| #define PACKAGE_TARNAME ""
| #define PACKAGE_VERSION ""
| #define PACKAGE_STRING ""
| #define PACKAGE_BUGREPORT ""
| #define PACKAGE "libevent"
| #define VERSION "1.4.9-stable"
| #define STDC_HEADERS 1
| #define HAVE_SYS_TYPES_H 1
| #define HAVE_SYS_STAT_H 1
| #define HAVE_STDLIB_H 1
| #define HAVE_STRING_H 1
| #define HAVE_MEMORY_H 1
| #define HAVE_STRINGS_H 1
| #define HAVE_INTTYPES_H 1
| #define HAVE_STDINT_H 1
| #define HAVE_UNISTD_H 1
| #define HAVE_DLFCN_H 1
| #define LT_OBJDIR ".libs/"
| #define HAVE_LIBRESOLV 1
| #define HAVE_LIBRT 1
| #define HAVE_LIBNSL 1
| #define STDC_HEADERS 1
| #define HAVE_FCNTL_H 1
| #define HAVE_STDARG_H 1
| #define HAVE_INTTYPES_H 1
| #define HAVE_STDINT_H 1
| #define HAVE_POLL_H 1
| #define HAVE_SIGNAL_H 1
| #define HAVE_UNISTD_H 1
| #define HAVE_SYS_EPOLL_H 1
| #define HAVE_SYS_TIME_H 1
| #define HAVE_SYS_QUEUE_H 1
| /* end confdefs.h.  */
| #include <sys/event.h>
configure:11802: result: no
configure:11830: checking for sys/event.h
configure:11839: result: no
configure:11724: checking sys/param.h usability
configure:11741: gcc -c -g -O2 -Wall  conftest.c >&5
configure:11748: $? = 0
configure:11762: result: yes
configure:11766: checking sys/param.h presence
configure:11781: gcc -E  conftest.c
configure:11788: $? = 0
configure:11802: result: yes
configure:11830: checking for sys/param.h
configure:11839: result: yes
configure:11724: checking sys/ioctl.h usability
configure:11741: gcc -c -g -O2 -Wall  conftest.c >&5
configure:11748: $? = 0
configure:11762: result: yes
configure:11766: checking sys/ioctl.h presence
configure:11781: gcc -E  conftest.c
configure:11788: $? = 0
configure:11802: result: yes
configure:11830: checking for sys/ioctl.h
configure:11839: result: yes
configure:11724: checking sys/select.h usability
configure:11741: gcc -c -g -O2 -Wall  conftest.c >&5
configure:11748: $? = 0
configure:11762: result: yes
configure:11766: checking sys/select.h presence
configure:11781: gcc -E  conftest.c
configure:11788: $? = 0
configure:11802: result: yes
configure:11830: checking for sys/select.h
configure:11839: result: yes
configure:11724: checking sys/devpoll.h usability
configure:11741: gcc -c -g -O2 -Wall  conftest.c >&5
conftest.c:72:25: error: sys/devpoll.h: No such file or directory
configure:11748: $? = 1
configure: failed program was:
| /* confdefs.h.  */
| #define PACKAGE_NAME ""
| #define PACKAGE_TARNAME ""
| #define PACKAGE_VERSION ""
| #define PACKAGE_STRING ""
| #define PACKAGE_BUGREPORT ""
| #define PACKAGE "libevent"
| #define VERSION "1.4.9-stable"
| #define STDC_HEADERS 1
| #define HAVE_SYS_TYPES_H 1
| #define HAVE_SYS_STAT_H 1
| #define HAVE_STDLIB_H 1
| #define HAVE_STRING_H 1
| #define HAVE_MEMORY_H 1
| #define HAVE_STRINGS_H 1
| #define HAVE_INTTYPES_H 1
| #define HAVE_STDINT_H 1
| #define HAVE_UNISTD_H 1
| #define HAVE_DLFCN_H 1
| #define LT_OBJDIR ".libs/"
| #define HAVE_LIBRESOLV 1
| #define HAVE_LIBRT 1
| #define HAVE_LIBNSL 1
| #define STDC_HEADERS 1
| #define HAVE_FCNTL_H 1
| #define HAVE_STDARG_H 1
| #define HAVE_INTTYPES_H 1
| #define HAVE_STDINT_H 1
| #define HAVE_POLL_H 1
| #define HAVE_SIGNAL_H 1
| #define HAVE_UNISTD_H 1
| #define HAVE_SYS_EPOLL_H 1
| #define HAVE_SYS_TIME_H 1
| #define HAVE_SYS_QUEUE_H 1
| #define HAVE_SYS_PARAM_H 1
| #define HAVE_SYS_IOCTL_H 1
| #define HAVE_SYS_SELECT_H 1
| /* end confdefs.h.  */
| #include <stdio.h>
| #ifdef HAVE_SYS_TYPES_H
| # include <sys/types.h>
| #endif
| #ifdef HAVE_SYS_STAT_H
| # include <sys/stat.h>
| #endif
| #ifdef STDC_HEADERS
| # include <stdlib.h>
| # include <stddef.h>
| #else
| # ifdef HAVE_STDLIB_H
| #  include <stdlib.h>
| # endif
| #endif
| #ifdef HAVE_STRING_H
| # if !defined STDC_HEADERS && defined HAVE_MEMORY_H
| #  include <memory.h>
| # endif
| # include <string.h>
| #endif
| #ifdef HAVE_STRINGS_H
| # include <strings.h>
| #endif
| #ifdef HAVE_INTTYPES_H
| # include <inttypes.h>
| #endif
| #ifdef HAVE_STDINT_H
| # include <stdint.h>
| #endif
| #ifdef HAVE_UNISTD_H
| # include <unistd.h>
| #endif
| #include <sys/devpoll.h>
configure:11762: result: no
configure:11766: checking sys/devpoll.h presence
configure:11781: gcc -E  conftest.c
conftest.c:39:25: error: sys/devpoll.h: No such file or directory
configure:11788: $? = 1
configure: failed program was:
| /* confdefs.h.  */
| #define PACKAGE_NAME ""
| #define PACKAGE_TARNAME ""
| #define PACKAGE_VERSION ""
| #define PACKAGE_STRING ""
| #define PACKAGE_BUGREPORT ""
| #define PACKAGE "libevent"
| #define VERSION "1.4.9-stable"
| #define STDC_HEADERS 1
| #define HAVE_SYS_TYPES_H 1
| #define HAVE_SYS_STAT_H 1
| #define HAVE_STDLIB_H 1
| #define HAVE_STRING_H 1
| #define HAVE_MEMORY_H 1
| #define HAVE_STRINGS_H 1
| #define HAVE_INTTYPES_H 1
| #define HAVE_STDINT_H 1
| #define HAVE_UNISTD_H 1
| #define HAVE_DLFCN_H 1
| #define LT_OBJDIR ".libs/"
| #define HAVE_LIBRESOLV 1
| #define HAVE_LIBRT 1
| #define HAVE_LIBNSL 1
| #define STDC_HEADERS 1
| #define HAVE_FCNTL_H 1
| #define HAVE_STDARG_H 1
| #define HAVE_INTTYPES_H 1
| #define HAVE_STDINT_H 1
| #define HAVE_POLL_H 1
| #define HAVE_SIGNAL_H 1
| #define HAVE_UNISTD_H 1
| #define HAVE_SYS_EPOLL_H 1
| #define HAVE_SYS_TIME_H 1
| #define HAVE_SYS_QUEUE_H 1
| #define HAVE_SYS_PARAM_H 1
| #define HAVE_SYS_IOCTL_H 1
| #define HAVE_SYS_SELECT_H 1
| /* end confdefs.h.  */
| #include <sys/devpoll.h>
configure:11802: result: no
configure:11830: checking for sys/devpoll.h
configure:11839: result: no
configure:11724: checking port.h usability
configure:11741: gcc -c -g -O2 -Wall  conftest.c >&5
conftest.c:72:18: error: port.h: No such file or directory
configure:11748: $? = 1
configure: failed program was:
| /* confdefs.h.  */
| #define PACKAGE_NAME ""
| #define PACKAGE_TARNAME ""
| #define PACKAGE_VERSION ""
| #define PACKAGE_STRING ""
| #define PACKAGE_BUGREPORT ""
| #define PACKAGE "libevent"
| #define VERSION "1.4.9-stable"
| #define STDC_HEADERS 1
| #define HAVE_SYS_TYPES_H 1
| #define HAVE_SYS_STAT_H 1
| #define HAVE_STDLIB_H 1
| #define HAVE_STRING_H 1
| #define HAVE_MEMORY_H 1
| #define HAVE_STRINGS_H 1
| #define HAVE_INTTYPES_H 1
| #define HAVE_STDINT_H 1
| #define HAVE_UNISTD_H 1
| #define HAVE_DLFCN_H 1
| #define LT_OBJDIR ".libs/"
| #define HAVE_LIBRESOLV 1
| #define HAVE_LIBRT 1
| #define HAVE_LIBNSL 1
| #define STDC_HEADERS 1
| #define HAVE_FCNTL_H 1
| #define HAVE_STDARG_H 1
| #define HAVE_INTTYPES_H 1
| #define HAVE_STDINT_H 1
| #define HAVE_POLL_H 1
| #define HAVE_SIGNAL_H 1
| #define HAVE_UNISTD_H 1
| #define HAVE_SYS_EPOLL_H 1
| #define HAVE_SYS_TIME_H 1
| #define HAVE_SYS_QUEUE_H 1
| #define HAVE_SYS_PARAM_H 1
| #define HAVE_SYS_IOCTL_H 1
| #define HAVE_SYS_SELECT_H 1
| /* end confdefs.h.  */
| #include <stdio.h>
| #ifdef HAVE_SYS_TYPES_H
| # include <sys/types.h>
| #endif
| #ifdef HAVE_SYS_STAT_H
| # include <sys/stat.h>
| #endif
| #ifdef STDC_HEADERS
| # include <stdlib.h>
| # include <stddef.h>
| #else
| # ifdef HAVE_STDLIB_H
| #  include <stdlib.h>
| # endif
| #endif
| #ifdef HAVE_STRING_H
| # if !defined STDC_HEADERS && defined HAVE_MEMORY_H
| #  include <memory.h>
| # endif
| # include <string.h>
| #endif
| #ifdef HAVE_STRINGS_H
| # include <strings.h>
| #endif
| #ifdef HAVE_INTTYPES_H
| # include <inttypes.h>
| #endif
| #ifdef HAVE_STDINT_H
| # include <stdint.h>
| #endif
| #ifdef HAVE_UNISTD_H
| # include <unistd.h>
| #endif
| #include <port.h>
configure:11762: result: no
configure:11766: checking port.h presence
configure:11781: gcc -E  conftest.c
conftest.c:39:18: error: port.h: No such file or directory
configure:11788: $? = 1
configure: failed program was:
| /* confdefs.h.  */
| #define PACKAGE_NAME ""
| #define PACKAGE_TARNAME ""
| #define PACKAGE_VERSION ""
| #define PACKAGE_STRING ""
| #define PACKAGE_BUGREPORT ""
| #define PACKAGE "libevent"
| #define VERSION "1.4.9-stable"
| #define STDC_HEADERS 1
| #define HAVE_SYS_TYPES_H 1
| #define HAVE_SYS_STAT_H 1
| #define HAVE_STDLIB_H 1
| #define HAVE_STRING_H 1
| #define HAVE_MEMORY_H 1
| #define HAVE_STRINGS_H 1
| #define HAVE_INTTYPES_H 1
| #define HAVE_STDINT_H 1
| #define HAVE_UNISTD_H 1
| #define HAVE_DLFCN_H 1
| #define LT_OBJDIR ".libs/"
| #define HAVE_LIBRESOLV 1
| #define HAVE_LIBRT 1
| #define HAVE_LIBNSL 1
| #define STDC_HEADERS 1
| #define HAVE_FCNTL_H 1
| #define HAVE_STDARG_H 1
| #define HAVE_INTTYPES_H 1
| #define HAVE_STDINT_H 1
| #define HAVE_POLL_H 1
| #define HAVE_SIGNAL_H 1
| #define HAVE_UNISTD_H 1
| #define HAVE_SYS_EPOLL_H 1
| #define HAVE_SYS_TIME_H 1
| #define HAVE_SYS_QUEUE_H 1
| #define HAVE_SYS_PARAM_H 1
| #define HAVE_SYS_IOCTL_H 1
| #define HAVE_SYS_SELECT_H 1
| /* end confdefs.h.  */
| #include <port.h>
configure:11802: result: no
configure:11830: checking for port.h
configure:11839: result: no
configure:11724: checking netinet/in6.h usability
configure:11741: gcc -c -g -O2 -Wall  conftest.c >&5
conftest.c:72:25: error: netinet/in6.h: No such file or directory
configure:11748: $? = 1
configure: failed program was:
| /* confdefs.h.  */
| #define PACKAGE_NAME ""
| #define PACKAGE_TARNAME ""
| #define PACKAGE_VERSION ""
| #define PACKAGE_STRING ""
| #define PACKAGE_BUGREPORT ""
| #define PACKAGE "libevent"
| #define VERSION "1.4.9-stable"
| #define STDC_HEADERS 1
| #define HAVE_SYS_TYPES_H 1
| #define HAVE_SYS_STAT_H 1
| #define HAVE_STDLIB_H 1
| #define HAVE_STRING_H 1
| #define HAVE_MEMORY_H 1
| #define HAVE_STRINGS_H 1
| #define HAVE_INTTYPES_H 1
| #define HAVE_STDINT_H 1
| #define HAVE_UNISTD_H 1
| #define HAVE_DLFCN_H 1
| #define LT_OBJDIR ".libs/"
| #define HAVE_LIBRESOLV 1
| #define HAVE_LIBRT 1
| #define HAVE_LIBNSL 1
| #define STDC_HEADERS 1
| #define HAVE_FCNTL_H 1
| #define HAVE_STDARG_H 1
| #define HAVE_INTTYPES_H 1
| #define HAVE_STDINT_H 1
| #define HAVE_POLL_H 1
| #define HAVE_SIGNAL_H 1
| #define HAVE_UNISTD_H 1
| #define HAVE_SYS_EPOLL_H 1
| #define HAVE_SYS_TIME_H 1
| #define HAVE_SYS_QUEUE_H 1
| #define HAVE_SYS_PARAM_H 1
| #define HAVE_SYS_IOCTL_H 1
| #define HAVE_SYS_SELECT_H 1
| /* end confdefs.h.  */
| #include <stdio.h>
| #ifdef HAVE_SYS_TYPES_H
| # include <sys/types.h>
| #endif
| #ifdef HAVE_SYS_STAT_H
| # include <sys/stat.h>
| #endif
| #ifdef STDC_HEADERS
| # include <stdlib.h>
| # include <stddef.h>
| #else
| # ifdef HAVE_STDLIB_H
| #  include <stdlib.h>
| # endif
| #endif
| #ifdef HAVE_STRING_H
| # if !defined STDC_HEADERS && defined HAVE_MEMORY_H
| #  include <memory.h>
| # endif
| # include <string.h>
| #endif
| #ifdef HAVE_STRINGS_H
| # include <strings.h>
| #endif
| #ifdef HAVE_INTTYPES_H
| # include <inttypes.h>
| #endif
| #ifdef HAVE_STDINT_H
| # include <stdint.h>
| #endif
| #ifdef HAVE_UNISTD_H
| # include <unistd.h>
| #endif
| #include <netinet/in6.h>
configure:11762: result: no
configure:11766: checking netinet/in6.h presence
configure:11781: gcc -E  conftest.c
conftest.c:39:25: error: netinet/in6.h: No such file or directory
configure:11788: $? = 1
configure: failed program was:
| /* confdefs.h.  */
| #define PACKAGE_NAME ""
| #define PACKAGE_TARNAME ""
| #define PACKAGE_VERSION ""
| #define PACKAGE_STRING ""
| #define PACKAGE_BUGREPORT ""
| #define PACKAGE "libevent"
| #define VERSION "1.4.9-stable"
| #define STDC_HEADERS 1
| #define HAVE_SYS_TYPES_H 1
| #define HAVE_SYS_STAT_H 1
| #define HAVE_STDLIB_H 1
| #define HAVE_STRING_H 1
| #define HAVE_MEMORY_H 1
| #define HAVE_STRINGS_H 1
| #define HAVE_INTTYPES_H 1
| #define HAVE_STDINT_H 1
| #define HAVE_UNISTD_H 1
| #define HAVE_DLFCN_H 1
| #define LT_OBJDIR ".libs/"
| #define HAVE_LIBRESOLV 1
| #define HAVE_LIBRT 1
| #define HAVE_LIBNSL 1
| #define STDC_HEADERS 1
| #define HAVE_FCNTL_H 1
| #define HAVE_STDARG_H 1
| #define HAVE_INTTYPES_H 1
| #define HAVE_STDINT_H 1
| #define HAVE_POLL_H 1
| #define HAVE_SIGNAL_H 1
| #define HAVE_UNISTD_H 1
| #define HAVE_SYS_EPOLL_H 1
| #define HAVE_SYS_TIME_H 1
| #define HAVE_SYS_QUEUE_H 1
| #define HAVE_SYS_PARAM_H 1
| #define HAVE_SYS_IOCTL_H 1
| #define HAVE_SYS_SELECT_H 1
| /* end confdefs.h.  */
| #include <netinet/in6.h>
configure:11802: result: no
configure:11830: checking for netinet/in6.h
configure:11839: result: no
configure:11724: checking sys/socket.h usability
configure:11741: gcc -c -g -O2 -Wall  conftest.c >&5
configure:11748: $? = 0
configure:11762: result: yes
configure:11766: checking sys/socket.h presence
configure:11781: gcc -E  conftest.c
configure:11788: $? = 0
configure:11802: result: yes
configure:11830: checking for sys/socket.h
configure:11839: result: yes
configure:11855: checking for TAILQ_FOREACH in sys/queue.h
configure:11872: result: yes
configure:11889: checking for timeradd in sys/time.h
configure:11911: result: yes
configure:11923: checking for timercmp in sys/time.h
configure:11945: result: yes
configure:11957: checking for timerclear in sys/time.h
configure:11979: result: yes
configure:11991: checking for timerisset in sys/time.h
configure:12013: result: yes
configure:12024: checking for WIN32
configure:12051: gcc -c -g -O2 -Wall  conftest.c >&5
conftest.c: In function 'main':
conftest.c:51: error: 'die' undeclared (first use in this function)
conftest.c:51: error: (Each undeclared identifier is reported only once
conftest.c:51: error: for each function it appears in.)
conftest.c:51: error: expected ';' before 'horribly'
configure:12058: $? = 1
configure: failed program was:
| /* confdefs.h.  */
| #define PACKAGE_NAME ""
| #define PACKAGE_TARNAME ""
| #define PACKAGE_VERSION ""
| #define PACKAGE_STRING ""
| #define PACKAGE_BUGREPORT ""
| #define PACKAGE "libevent"
| #define VERSION "1.4.9-stable"
| #define STDC_HEADERS 1
| #define HAVE_SYS_TYPES_H 1
| #define HAVE_SYS_STAT_H 1
| #define HAVE_STDLIB_H 1
| #define HAVE_STRING_H 1
| #define HAVE_MEMORY_H 1
| #define HAVE_STRINGS_H 1
| #define HAVE_INTTYPES_H 1
| #define HAVE_STDINT_H 1
| #define HAVE_UNISTD_H 1
| #define HAVE_DLFCN_H 1
| #define LT_OBJDIR ".libs/"
| #define HAVE_LIBRESOLV 1
| #define HAVE_LIBRT 1
| #define HAVE_LIBNSL 1
| #define STDC_HEADERS 1
| #define HAVE_FCNTL_H 1
| #define HAVE_STDARG_H 1
| #define HAVE_INTTYPES_H 1
| #define HAVE_STDINT_H 1
| #define HAVE_POLL_H 1
| #define HAVE_SIGNAL_H 1
| #define HAVE_UNISTD_H 1
| #define HAVE_SYS_EPOLL_H 1
| #define HAVE_SYS_TIME_H 1
| #define HAVE_SYS_QUEUE_H 1
| #define HAVE_SYS_PARAM_H 1
| #define HAVE_SYS_IOCTL_H 1
| #define HAVE_SYS_SELECT_H 1
| #define HAVE_SYS_SOCKET_H 1
| #define HAVE_TAILQFOREACH 1
| #define HAVE_TIMERADD 1
| #define HAVE_TIMERCMP 1
| #define HAVE_TIMERCLEAR 1
| #define HAVE_TIMERISSET 1
| /* end confdefs.h.  */
| 
| int
| main ()
| {
| 
| #ifndef WIN32
| die horribly
| #endif
| 
|   ;
|   return 0;
| }
configure:12069: result: no
configure:12084: checking for an ANSI C-conforming const
configure:12159: gcc -c -g -O2 -Wall  conftest.c >&5
conftest.c: In function 'main':
conftest.c:74: warning: 't' is used uninitialized in this function
conftest.c:90: warning: 'b' is used uninitialized in this function
conftest.c:53: warning: 'cs[0]' is used uninitialized in this function
configure:12166: $? = 0
configure:12181: result: yes
configure:12191: checking for inline
configure:12217: gcc -c -g -O2 -Wall  conftest.c >&5
configure:12224: $? = 0
configure:12242: result: inline
configure:12261: checking whether time.h and sys/time.h may both be included
configure:12291: gcc -c -g -O2 -Wall  conftest.c >&5
configure:12298: $? = 0
configure:12313: result: yes
configure:12340: checking for gettimeofday
configure:12396: gcc -o conftest -g -O2 -Wall   conftest.c -lnsl -lrt -lresolv  >&5
configure:12403: $? = 0
configure:12425: result: yes
configure:12340: checking for vasprintf
configure:12396: gcc -o conftest -g -O2 -Wall   conftest.c -lnsl -lrt -lresolv  >&5
configure:12403: $? = 0
configure:12425: result: yes
configure:12340: checking for fcntl
configure:12396: gcc -o conftest -g -O2 -Wall   conftest.c -lnsl -lrt -lresolv  >&5
configure:12403: $? = 0
configure:12425: result: yes
configure:12340: checking for clock_gettime
configure:12396: gcc -o conftest -g -O2 -Wall   conftest.c -lnsl -lrt -lresolv  >&5
configure:12403: $? = 0
configure:12425: result: yes
configure:12340: checking for strtok_r
configure:12396: gcc -o conftest -g -O2 -Wall   conftest.c -lnsl -lrt -lresolv  >&5
configure:12403: $? = 0
configure:12425: result: yes
configure:12340: checking for strsep
configure:12396: gcc -o conftest -g -O2 -Wall   conftest.c -lnsl -lrt -lresolv  >&5
configure:12403: $? = 0
configure:12425: result: yes
configure:12340: checking for getaddrinfo
configure:12396: gcc -o conftest -g -O2 -Wall   conftest.c -lnsl -lrt -lresolv  >&5
configure:12403: $? = 0
configure:12425: result: yes
configure:12340: checking for getnameinfo
configure:12396: gcc -o conftest -g -O2 -Wall   conftest.c -lnsl -lrt -lresolv  >&5
configure:12403: $? = 0
configure:12425: result: yes
configure:12340: checking for strlcpy
configure:12396: gcc -o conftest -g -O2 -Wall   conftest.c -lnsl -lrt -lresolv  >&5
/tmp/ccTAqjVT.o: In function `main':
/home/work/source/libevent/conftest.c:88: undefined reference to `strlcpy'
collect2: ld returned 1 exit status
configure:12403: $? = 1
configure: failed program was:
| /* confdefs.h.  */
| #define PACKAGE_NAME ""
| #define PACKAGE_TARNAME ""
| #define PACKAGE_VERSION ""
| #define PACKAGE_STRING ""
| #define PACKAGE_BUGREPORT ""
| #define PACKAGE "libevent"
| #define VERSION "1.4.9-stable"
| #define STDC_HEADERS 1
| #define HAVE_SYS_TYPES_H 1
| #define HAVE_SYS_STAT_H 1
| #define HAVE_STDLIB_H 1
| #define HAVE_STRING_H 1
| #define HAVE_MEMORY_H 1
| #define HAVE_STRINGS_H 1
| #define HAVE_INTTYPES_H 1
| #define HAVE_STDINT_H 1
| #define HAVE_UNISTD_H 1
| #define HAVE_DLFCN_H 1
| #define LT_OBJDIR ".libs/"
| #define HAVE_LIBRESOLV 1
| #define HAVE_LIBRT 1
| #define HAVE_LIBNSL 1
| #define STDC_HEADERS 1
| #define HAVE_FCNTL_H 1
| #define HAVE_STDARG_H 1
| #define HAVE_INTTYPES_H 1
| #define HAVE_STDINT_H 1
| #define HAVE_POLL_H 1
| #define HAVE_SIGNAL_H 1
| #define HAVE_UNISTD_H 1
| #define HAVE_SYS_EPOLL_H 1
| #define HAVE_SYS_TIME_H 1
| #define HAVE_SYS_QUEUE_H 1
| #define HAVE_SYS_PARAM_H 1
| #define HAVE_SYS_IOCTL_H 1
| #define HAVE_SYS_SELECT_H 1
| #define HAVE_SYS_SOCKET_H 1
| #define HAVE_TAILQFOREACH 1
| #define HAVE_TIMERADD 1
| #define HAVE_TIMERCMP 1
| #define HAVE_TIMERCLEAR 1
| #define HAVE_TIMERISSET 1
| #define TIME_WITH_SYS_TIME 1
| #define HAVE_GETTIMEOFDAY 1
| #define HAVE_VASPRINTF 1
| #define HAVE_FCNTL 1
| #define HAVE_CLOCK_GETTIME 1
| #define HAVE_STRTOK_R 1
| #define HAVE_STRSEP 1
| #define HAVE_GETADDRINFO 1
| #define HAVE_GETNAMEINFO 1
| /* end confdefs.h.  */
| /* Define strlcpy to an innocuous variant, in case <limits.h> declares strlcpy.
|    For example, HP-UX 11i <limits.h> declares gettimeofday.  */
| #define strlcpy innocuous_strlcpy
| 
| /* System header to define __stub macros and hopefully few prototypes,
|     which can conflict with char strlcpy (); below.
|     Prefer <limits.h> to <assert.h> if __STDC__ is defined, since
|     <limits.h> exists even on freestanding compilers.  */
| 
| #ifdef __STDC__
| # include <limits.h>
| #else
| # include <assert.h>
| #endif
| 
| #undef strlcpy
| 
| /* Override any GCC internal prototype to avoid an error.
|    Use char because int might match the return type of a GCC
|    builtin and then its argument prototype would still apply.  */
| #ifdef __cplusplus
| extern "C"
| #endif
| char strlcpy ();
| /* The GNU C library defines this for functions which it implements
|     to always fail with ENOSYS.  Some functions are actually named
|     something starting with __ and the normal name is an alias.  */
| #if defined __stub_strlcpy || defined __stub___strlcpy
| choke me
| #endif
| 
| int
| main ()
| {
| return strlcpy ();
|   ;
|   return 0;
| }
configure:12425: result: no
configure:12340: checking for inet_ntop
configure:12396: gcc -o conftest -g -O2 -Wall   conftest.c -lnsl -lrt -lresolv  >&5
configure:12403: $? = 0
configure:12425: result: yes
configure:12340: checking for signal
configure:12396: gcc -o conftest -g -O2 -Wall   conftest.c -lnsl -lrt -lresolv  >&5
configure:12403: $? = 0
configure:12425: result: yes
configure:12340: checking for sigaction
configure:12396: gcc -o conftest -g -O2 -Wall   conftest.c -lnsl -lrt -lresolv  >&5
configure:12403: $? = 0
configure:12425: result: yes
configure:12340: checking for strtoll
configure:12396: gcc -o conftest -g -O2 -Wall   conftest.c -lnsl -lrt -lresolv  >&5
configure:12403: $? = 0
configure:12425: result: yes
configure:12442: checking size of long
configure:12747: gcc -o conftest -g -O2 -Wall   conftest.c -lnsl -lrt -lresolv  >&5
configure:12751: $? = 0
configure:12757: ./conftest
configure:12761: $? = 0
configure:12787: result: 8
configure:12812: checking for F_SETFD in fcntl.h
configure:12835: result: yes
configure:12850: checking for select
configure:12906: gcc -o conftest -g -O2 -Wall   conftest.c -lnsl -lrt -lresolv  >&5
configure:12913: $? = 0
configure:12935: result: yes
configure:12962: checking for poll
configure:13018: gcc -o conftest -g -O2 -Wall   conftest.c -lnsl -lrt -lresolv  >&5
configure:13025: $? = 0
configure:13047: result: yes
configure:13074: checking for epoll_ctl
configure:13130: gcc -o conftest -g -O2 -Wall   conftest.c -lnsl -lrt -lresolv  >&5
configure:13137: $? = 0
configure:13159: result: yes
configure:13516: checking for port_create
configure:13572: gcc -o conftest -g -O2 -Wall   conftest.c -lnsl -lrt -lresolv  >&5
/tmp/cc4vJWni.o: In function `main':
/home/work/source/libevent/conftest.c:99: undefined reference to `port_create'
collect2: ld returned 1 exit status
configure:13579: $? = 1
configure: failed program was:
| /* confdefs.h.  */
| #define PACKAGE_NAME ""
| #define PACKAGE_TARNAME ""
| #define PACKAGE_VERSION ""
| #define PACKAGE_STRING ""
| #define PACKAGE_BUGREPORT ""
| #define PACKAGE "libevent"
| #define VERSION "1.4.9-stable"
| #define STDC_HEADERS 1
| #define HAVE_SYS_TYPES_H 1
| #define HAVE_SYS_STAT_H 1
| #define HAVE_STDLIB_H 1
| #define HAVE_STRING_H 1
| #define HAVE_MEMORY_H 1
| #define HAVE_STRINGS_H 1
| #define HAVE_INTTYPES_H 1
| #define HAVE_STDINT_H 1
| #define HAVE_UNISTD_H 1
| #define HAVE_DLFCN_H 1
| #define LT_OBJDIR ".libs/"
| #define HAVE_LIBRESOLV 1
| #define HAVE_LIBRT 1
| #define HAVE_LIBNSL 1
| #define STDC_HEADERS 1
| #define HAVE_FCNTL_H 1
| #define HAVE_STDARG_H 1
| #define HAVE_INTTYPES_H 1
| #define HAVE_STDINT_H 1
| #define HAVE_POLL_H 1
| #define HAVE_SIGNAL_H 1
| #define HAVE_UNISTD_H 1
| #define HAVE_SYS_EPOLL_H 1
| #define HAVE_SYS_TIME_H 1
| #define HAVE_SYS_QUEUE_H 1
| #define HAVE_SYS_PARAM_H 1
| #define HAVE_SYS_IOCTL_H 1
| #define HAVE_SYS_SELECT_H 1
| #define HAVE_SYS_SOCKET_H 1
| #define HAVE_TAILQFOREACH 1
| #define HAVE_TIMERADD 1
| #define HAVE_TIMERCMP 1
| #define HAVE_TIMERCLEAR 1
| #define HAVE_TIMERISSET 1
| #define TIME_WITH_SYS_TIME 1
| #define HAVE_GETTIMEOFDAY 1
| #define HAVE_VASPRINTF 1
| #define HAVE_FCNTL 1
| #define HAVE_CLOCK_GETTIME 1
| #define HAVE_STRTOK_R 1
| #define HAVE_STRSEP 1
| #define HAVE_GETADDRINFO 1
| #define HAVE_GETNAMEINFO 1
| #define HAVE_INET_NTOP 1
| #define HAVE_SIGNAL 1
| #define HAVE_SIGACTION 1
| #define HAVE_STRTOLL 1
| #define SIZEOF_LONG 8
| #define DNS_USE_CPU_CLOCK_FOR_ID 1
| #define HAVE_SETFD 1
| #define HAVE_SELECT 1
| #define HAVE_POLL 1
| #define HAVE_EPOLL_CTL 1
| #define HAVE_EPOLL 1
| /* end confdefs.h.  */
| /* Define port_create to an innocuous variant, in case <limits.h> declares port_create.
|    For example, HP-UX 11i <limits.h> declares gettimeofday.  */
| #define port_create innocuous_port_create
| 
| /* System header to define __stub macros and hopefully few prototypes,
|     which can conflict with char port_create (); below.
|     Prefer <limits.h> to <assert.h> if __STDC__ is defined, since
|     <limits.h> exists even on freestanding compilers.  */
| 
| #ifdef __STDC__
| # include <limits.h>
| #else
| # include <assert.h>
| #endif
| 
| #undef port_create
| 
| /* Override any GCC internal prototype to avoid an error.
|    Use char because int might match the return type of a GCC
|    builtin and then its argument prototype would still apply.  */
| #ifdef __cplusplus
| extern "C"
| #endif
| char port_create ();
| /* The GNU C library defines this for functions which it implements
|     to always fail with ENOSYS.  Some functions are actually named
|     something starting with __ and the normal name is an alias.  */
| #if defined __stub_port_create || defined __stub___port_create
| choke me
| #endif
| 
| int
| main ()
| {
| return port_create ();
|   ;
|   return 0;
| }
configure:13601: result: no
configure:13642: checking for pid_t
configure:13670: gcc -c -g -O2 -Wall  conftest.c >&5
configure:13677: $? = 0
configure:13704: gcc -c -g -O2 -Wall  conftest.c >&5
conftest.c: In function 'main':
conftest.c:101: error: expected expression before ')' token
configure:13711: $? = 1
configure: failed program was:
| /* confdefs.h.  */
| #define PACKAGE_NAME ""
| #define PACKAGE_TARNAME ""
| #define PACKAGE_VERSION ""
| #define PACKAGE_STRING ""
| #define PACKAGE_BUGREPORT ""
| #define PACKAGE "libevent"
| #define VERSION "1.4.9-stable"
| #define STDC_HEADERS 1
| #define HAVE_SYS_TYPES_H 1
| #define HAVE_SYS_STAT_H 1
| #define HAVE_STDLIB_H 1
| #define HAVE_STRING_H 1
| #define HAVE_MEMORY_H 1
| #define HAVE_STRINGS_H 1
| #define HAVE_INTTYPES_H 1
| #define HAVE_STDINT_H 1
| #define HAVE_UNISTD_H 1
| #define HAVE_DLFCN_H 1
| #define LT_OBJDIR ".libs/"
| #define HAVE_LIBRESOLV 1
| #define HAVE_LIBRT 1
| #define HAVE_LIBNSL 1
| #define STDC_HEADERS 1
| #define HAVE_FCNTL_H 1
| #define HAVE_STDARG_H 1
| #define HAVE_INTTYPES_H 1
| #define HAVE_STDINT_H 1
| #define HAVE_POLL_H 1
| #define HAVE_SIGNAL_H 1
| #define HAVE_UNISTD_H 1
| #define HAVE_SYS_EPOLL_H 1
| #define HAVE_SYS_TIME_H 1
| #define HAVE_SYS_QUEUE_H 1
| #define HAVE_SYS_PARAM_H 1
| #define HAVE_SYS_IOCTL_H 1
| #define HAVE_SYS_SELECT_H 1
| #define HAVE_SYS_SOCKET_H 1
| #define HAVE_TAILQFOREACH 1
| #define HAVE_TIMERADD 1
| #define HAVE_TIMERCMP 1
| #define HAVE_TIMERCLEAR 1
| #define HAVE_TIMERISSET 1
| #define TIME_WITH_SYS_TIME 1
| #define HAVE_GETTIMEOFDAY 1
| #define HAVE_VASPRINTF 1
| #define HAVE_FCNTL 1
| #define HAVE_CLOCK_GETTIME 1
| #define HAVE_STRTOK_R 1
| #define HAVE_STRSEP 1
| #define HAVE_GETADDRINFO 1
| #define HAVE_GETNAMEINFO 1
| #define HAVE_INET_NTOP 1
| #define HAVE_SIGNAL 1
| #define HAVE_SIGACTION 1
| #define HAVE_STRTOLL 1
| #define SIZEOF_LONG 8
| #define DNS_USE_CPU_CLOCK_FOR_ID 1
| #define HAVE_SETFD 1
| #define HAVE_SELECT 1
| #define HAVE_POLL 1
| #define HAVE_EPOLL_CTL 1
| #define HAVE_EPOLL 1
| /* end confdefs.h.  */
| #include <stdio.h>
| #ifdef HAVE_SYS_TYPES_H
| # include <sys/types.h>
| #endif
| #ifdef HAVE_SYS_STAT_H
| # include <sys/stat.h>
| #endif
| #ifdef STDC_HEADERS
| # include <stdlib.h>
| # include <stddef.h>
| #else
| # ifdef HAVE_STDLIB_H
| #  include <stdlib.h>
| # endif
| #endif
| #ifdef HAVE_STRING_H
| # if !defined STDC_HEADERS && defined HAVE_MEMORY_H
| #  include <memory.h>
| # endif
| # include <string.h>
| #endif
| #ifdef HAVE_STRINGS_H
| # include <strings.h>
| #endif
| #ifdef HAVE_INTTYPES_H
| # include <inttypes.h>
| #endif
| #ifdef HAVE_STDINT_H
| # include <stdint.h>
| #endif
| #ifdef HAVE_UNISTD_H
| # include <unistd.h>
| #endif
| int
| main ()
| {
| if (sizeof ((pid_t)))
| 	  return 0;
|   ;
|   return 0;
| }
configure:13734: result: yes
configure:13746: checking for size_t
configure:13774: gcc -c -g -O2 -Wall  conftest.c >&5
configure:13781: $? = 0
configure:13808: gcc -c -g -O2 -Wall  conftest.c >&5
conftest.c: In function 'main':
conftest.c:101: error: expected expression before ')' token
configure:13815: $? = 1
configure: failed program was:
| /* confdefs.h.  */
| #define PACKAGE_NAME ""
| #define PACKAGE_TARNAME ""
| #define PACKAGE_VERSION ""
| #define PACKAGE_STRING ""
| #define PACKAGE_BUGREPORT ""
| #define PACKAGE "libevent"
| #define VERSION "1.4.9-stable"
| #define STDC_HEADERS 1
| #define HAVE_SYS_TYPES_H 1
| #define HAVE_SYS_STAT_H 1
| #define HAVE_STDLIB_H 1
| #define HAVE_STRING_H 1
| #define HAVE_MEMORY_H 1
| #define HAVE_STRINGS_H 1
| #define HAVE_INTTYPES_H 1
| #define HAVE_STDINT_H 1
| #define HAVE_UNISTD_H 1
| #define HAVE_DLFCN_H 1
| #define LT_OBJDIR ".libs/"
| #define HAVE_LIBRESOLV 1
| #define HAVE_LIBRT 1
| #define HAVE_LIBNSL 1
| #define STDC_HEADERS 1
| #define HAVE_FCNTL_H 1
| #define HAVE_STDARG_H 1
| #define HAVE_INTTYPES_H 1
| #define HAVE_STDINT_H 1
| #define HAVE_POLL_H 1
| #define HAVE_SIGNAL_H 1
| #define HAVE_UNISTD_H 1
| #define HAVE_SYS_EPOLL_H 1
| #define HAVE_SYS_TIME_H 1
| #define HAVE_SYS_QUEUE_H 1
| #define HAVE_SYS_PARAM_H 1
| #define HAVE_SYS_IOCTL_H 1
| #define HAVE_SYS_SELECT_H 1
| #define HAVE_SYS_SOCKET_H 1
| #define HAVE_TAILQFOREACH 1
| #define HAVE_TIMERADD 1
| #define HAVE_TIMERCMP 1
| #define HAVE_TIMERCLEAR 1
| #define HAVE_TIMERISSET 1
| #define TIME_WITH_SYS_TIME 1
| #define HAVE_GETTIMEOFDAY 1
| #define HAVE_VASPRINTF 1
| #define HAVE_FCNTL 1
| #define HAVE_CLOCK_GETTIME 1
| #define HAVE_STRTOK_R 1
| #define HAVE_STRSEP 1
| #define HAVE_GETADDRINFO 1
| #define HAVE_GETNAMEINFO 1
| #define HAVE_INET_NTOP 1
| #define HAVE_SIGNAL 1
| #define HAVE_SIGACTION 1
| #define HAVE_STRTOLL 1
| #define SIZEOF_LONG 8
| #define DNS_USE_CPU_CLOCK_FOR_ID 1
| #define HAVE_SETFD 1
| #define HAVE_SELECT 1
| #define HAVE_POLL 1
| #define HAVE_EPOLL_CTL 1
| #define HAVE_EPOLL 1
| /* end confdefs.h.  */
| #include <stdio.h>
| #ifdef HAVE_SYS_TYPES_H
| # include <sys/types.h>
| #endif
| #ifdef HAVE_SYS_STAT_H
| # include <sys/stat.h>
| #endif
| #ifdef STDC_HEADERS
| # include <stdlib.h>
| # include <stddef.h>
| #else
| # ifdef HAVE_STDLIB_H
| #  include <stdlib.h>
| # endif
| #endif
| #ifdef HAVE_STRING_H
| # if !defined STDC_HEADERS && defined HAVE_MEMORY_H
| #  include <memory.h>
| # endif
| # include <string.h>
| #endif
| #ifdef HAVE_STRINGS_H
| # include <strings.h>
| #endif
| #ifdef HAVE_INTTYPES_H
| # include <inttypes.h>
| #endif
| #ifdef HAVE_STDINT_H
| # include <stdint.h>
| #endif
| #ifdef HAVE_UNISTD_H
| # include <unistd.h>
| #endif
| int
| main ()
| {
| if (sizeof ((size_t)))
| 	  return 0;
|   ;
|   return 0;
| }
configure:13838: result: yes
configure:13850: checking for uint64_t
configure:13886: gcc -c -g -O2 -Wall  conftest.c >&5
configure:13893: $? = 0
configure:13928: gcc -c -g -O2 -Wall  conftest.c >&5
conftest.c: In function 'main':
conftest.c:77: error: expected expression before ')' token
configure:13935: $? = 1
configure: failed program was:
| /* confdefs.h.  */
| #define PACKAGE_NAME ""
| #define PACKAGE_TARNAME ""
| #define PACKAGE_VERSION ""
| #define PACKAGE_STRING ""
| #define PACKAGE_BUGREPORT ""
| #define PACKAGE "libevent"
| #define VERSION "1.4.9-stable"
| #define STDC_HEADERS 1
| #define HAVE_SYS_TYPES_H 1
| #define HAVE_SYS_STAT_H 1
| #define HAVE_STDLIB_H 1
| #define HAVE_STRING_H 1
| #define HAVE_MEMORY_H 1
| #define HAVE_STRINGS_H 1
| #define HAVE_INTTYPES_H 1
| #define HAVE_STDINT_H 1
| #define HAVE_UNISTD_H 1
| #define HAVE_DLFCN_H 1
| #define LT_OBJDIR ".libs/"
| #define HAVE_LIBRESOLV 1
| #define HAVE_LIBRT 1
| #define HAVE_LIBNSL 1
| #define STDC_HEADERS 1
| #define HAVE_FCNTL_H 1
| #define HAVE_STDARG_H 1
| #define HAVE_INTTYPES_H 1
| #define HAVE_STDINT_H 1
| #define HAVE_POLL_H 1
| #define HAVE_SIGNAL_H 1
| #define HAVE_UNISTD_H 1
| #define HAVE_SYS_EPOLL_H 1
| #define HAVE_SYS_TIME_H 1
| #define HAVE_SYS_QUEUE_H 1
| #define HAVE_SYS_PARAM_H 1
| #define HAVE_SYS_IOCTL_H 1
| #define HAVE_SYS_SELECT_H 1
| #define HAVE_SYS_SOCKET_H 1
| #define HAVE_TAILQFOREACH 1
| #define HAVE_TIMERADD 1
| #define HAVE_TIMERCMP 1
| #define HAVE_TIMERCLEAR 1
| #define HAVE_TIMERISSET 1
| #define TIME_WITH_SYS_TIME 1
| #define HAVE_GETTIMEOFDAY 1
| #define HAVE_VASPRINTF 1
| #define HAVE_FCNTL 1
| #define HAVE_CLOCK_GETTIME 1
| #define HAVE_STRTOK_R 1
| #define HAVE_STRSEP 1
| #define HAVE_GETADDRINFO 1
| #define HAVE_GETNAMEINFO 1
| #define HAVE_INET_NTOP 1
| #define HAVE_SIGNAL 1
| #define HAVE_SIGACTION 1
| #define HAVE_STRTOLL 1
| #define SIZEOF_LONG 8
| #define DNS_USE_CPU_CLOCK_FOR_ID 1
| #define HAVE_SETFD 1
| #define HAVE_SELECT 1
| #define HAVE_POLL 1
| #define HAVE_EPOLL_CTL 1
| #define HAVE_EPOLL 1
| /* end confdefs.h.  */
| #ifdef HAVE_STDINT_H
| #include <stdint.h>
| #elif defined(HAVE_INTTYPES_H)
| #include <inttypes.h>
| #endif
| #ifdef HAVE_SYS_TYPES_H
| #include <sys/types.h>
| #endif
| 
| int
| main ()
| {
| if (sizeof ((uint64_t)))
| 	  return 0;
|   ;
|   return 0;
| }
configure:13958: result: yes
configure:13968: checking for uint32_t
configure:14004: gcc -c -g -O2 -Wall  conftest.c >&5
configure:14011: $? = 0
configure:14046: gcc -c -g -O2 -Wall  conftest.c >&5
conftest.c: In function 'main':
conftest.c:78: error: expected expression before ')' token
configure:14053: $? = 1
configure: failed program was:
| /* confdefs.h.  */
| #define PACKAGE_NAME ""
| #define PACKAGE_TARNAME ""
| #define PACKAGE_VERSION ""
| #define PACKAGE_STRING ""
| #define PACKAGE_BUGREPORT ""
| #define PACKAGE "libevent"
| #define VERSION "1.4.9-stable"
| #define STDC_HEADERS 1
| #define HAVE_SYS_TYPES_H 1
| #define HAVE_SYS_STAT_H 1
| #define HAVE_STDLIB_H 1
| #define HAVE_STRING_H 1
| #define HAVE_MEMORY_H 1
| #define HAVE_STRINGS_H 1
| #define HAVE_INTTYPES_H 1
| #define HAVE_STDINT_H 1
| #define HAVE_UNISTD_H 1
| #define HAVE_DLFCN_H 1
| #define LT_OBJDIR ".libs/"
| #define HAVE_LIBRESOLV 1
| #define HAVE_LIBRT 1
| #define HAVE_LIBNSL 1
| #define STDC_HEADERS 1
| #define HAVE_FCNTL_H 1
| #define HAVE_STDARG_H 1
| #define HAVE_INTTYPES_H 1
| #define HAVE_STDINT_H 1
| #define HAVE_POLL_H 1
| #define HAVE_SIGNAL_H 1
| #define HAVE_UNISTD_H 1
| #define HAVE_SYS_EPOLL_H 1
| #define HAVE_SYS_TIME_H 1
| #define HAVE_SYS_QUEUE_H 1
| #define HAVE_SYS_PARAM_H 1
| #define HAVE_SYS_IOCTL_H 1
| #define HAVE_SYS_SELECT_H 1
| #define HAVE_SYS_SOCKET_H 1
| #define HAVE_TAILQFOREACH 1
| #define HAVE_TIMERADD 1
| #define HAVE_TIMERCMP 1
| #define HAVE_TIMERCLEAR 1
| #define HAVE_TIMERISSET 1
| #define TIME_WITH_SYS_TIME 1
| #define HAVE_GETTIMEOFDAY 1
| #define HAVE_VASPRINTF 1
| #define HAVE_FCNTL 1
| #define HAVE_CLOCK_GETTIME 1
| #define HAVE_STRTOK_R 1
| #define HAVE_STRSEP 1
| #define HAVE_GETADDRINFO 1
| #define HAVE_GETNAMEINFO 1
| #define HAVE_INET_NTOP 1
| #define HAVE_SIGNAL 1
| #define HAVE_SIGACTION 1
| #define HAVE_STRTOLL 1
| #define SIZEOF_LONG 8
| #define DNS_USE_CPU_CLOCK_FOR_ID 1
| #define HAVE_SETFD 1
| #define HAVE_SELECT 1
| #define HAVE_POLL 1
| #define HAVE_EPOLL_CTL 1
| #define HAVE_EPOLL 1
| #define HAVE_UINT64_T 1
| /* end confdefs.h.  */
| #ifdef HAVE_STDINT_H
| #include <stdint.h>
| #elif defined(HAVE_INTTYPES_H)
| #include <inttypes.h>
| #endif
| #ifdef HAVE_SYS_TYPES_H
| #include <sys/types.h>
| #endif
| 
| int
| main ()
| {
| if (sizeof ((uint32_t)))
| 	  return 0;
|   ;
|   return 0;
| }
configure:14076: result: yes
configure:14086: checking for uint16_t
configure:14122: gcc -c -g -O2 -Wall  conftest.c >&5
configure:14129: $? = 0
configure:14164: gcc -c -g -O2 -Wall  conftest.c >&5
conftest.c: In function 'main':
conftest.c:79: error: expected expression before ')' token
configure:14171: $? = 1
configure: failed program was:
| /* confdefs.h.  */
| #define PACKAGE_NAME ""
| #define PACKAGE_TARNAME ""
| #define PACKAGE_VERSION ""
| #define PACKAGE_STRING ""
| #define PACKAGE_BUGREPORT ""
| #define PACKAGE "libevent"
| #define VERSION "1.4.9-stable"
| #define STDC_HEADERS 1
| #define HAVE_SYS_TYPES_H 1
| #define HAVE_SYS_STAT_H 1
| #define HAVE_STDLIB_H 1
| #define HAVE_STRING_H 1
| #define HAVE_MEMORY_H 1
| #define HAVE_STRINGS_H 1
| #define HAVE_INTTYPES_H 1
| #define HAVE_STDINT_H 1
| #define HAVE_UNISTD_H 1
| #define HAVE_DLFCN_H 1
| #define LT_OBJDIR ".libs/"
| #define HAVE_LIBRESOLV 1
| #define HAVE_LIBRT 1
| #define HAVE_LIBNSL 1
| #define STDC_HEADERS 1
| #define HAVE_FCNTL_H 1
| #define HAVE_STDARG_H 1
| #define HAVE_INTTYPES_H 1
| #define HAVE_STDINT_H 1
| #define HAVE_POLL_H 1
| #define HAVE_SIGNAL_H 1
| #define HAVE_UNISTD_H 1
| #define HAVE_SYS_EPOLL_H 1
| #define HAVE_SYS_TIME_H 1
| #define HAVE_SYS_QUEUE_H 1
| #define HAVE_SYS_PARAM_H 1
| #define HAVE_SYS_IOCTL_H 1
| #define HAVE_SYS_SELECT_H 1
| #define HAVE_SYS_SOCKET_H 1
| #define HAVE_TAILQFOREACH 1
| #define HAVE_TIMERADD 1
| #define HAVE_TIMERCMP 1
| #define HAVE_TIMERCLEAR 1
| #define HAVE_TIMERISSET 1
| #define TIME_WITH_SYS_TIME 1
| #define HAVE_GETTIMEOFDAY 1
| #define HAVE_VASPRINTF 1
| #define HAVE_FCNTL 1
| #define HAVE_CLOCK_GETTIME 1
| #define HAVE_STRTOK_R 1
| #define HAVE_STRSEP 1
| #define HAVE_GETADDRINFO 1
| #define HAVE_GETNAMEINFO 1
| #define HAVE_INET_NTOP 1
| #define HAVE_SIGNAL 1
| #define HAVE_SIGACTION 1
| #define HAVE_STRTOLL 1
| #define SIZEOF_LONG 8
| #define DNS_USE_CPU_CLOCK_FOR_ID 1
| #define HAVE_SETFD 1
| #define HAVE_SELECT 1
| #define HAVE_POLL 1
| #define HAVE_EPOLL_CTL 1
| #define HAVE_EPOLL 1
| #define HAVE_UINT64_T 1
| #define HAVE_UINT32_T 1
| /* end confdefs.h.  */
| #ifdef HAVE_STDINT_H
| #include <stdint.h>
| #elif defined(HAVE_INTTYPES_H)
| #include <inttypes.h>
| #endif
| #ifdef HAVE_SYS_TYPES_H
| #include <sys/types.h>
| #endif
| 
| int
| main ()
| {
| if (sizeof ((uint16_t)))
| 	  return 0;
|   ;
|   return 0;
| }
configure:14194: result: yes
configure:14204: checking for uint8_t
configure:14240: gcc -c -g -O2 -Wall  conftest.c >&5
configure:14247: $? = 0
configure:14282: gcc -c -g -O2 -Wall  conftest.c >&5
conftest.c: In function 'main':
conftest.c:80: error: expected expression before ')' token
configure:14289: $? = 1
configure: failed program was:
| /* confdefs.h.  */
| #define PACKAGE_NAME ""
| #define PACKAGE_TARNAME ""
| #define PACKAGE_VERSION ""
| #define PACKAGE_STRING ""
| #define PACKAGE_BUGREPORT ""
| #define PACKAGE "libevent"
| #define VERSION "1.4.9-stable"
| #define STDC_HEADERS 1
| #define HAVE_SYS_TYPES_H 1
| #define HAVE_SYS_STAT_H 1
| #define HAVE_STDLIB_H 1
| #define HAVE_STRING_H 1
| #define HAVE_MEMORY_H 1
| #define HAVE_STRINGS_H 1
| #define HAVE_INTTYPES_H 1
| #define HAVE_STDINT_H 1
| #define HAVE_UNISTD_H 1
| #define HAVE_DLFCN_H 1
| #define LT_OBJDIR ".libs/"
| #define HAVE_LIBRESOLV 1
| #define HAVE_LIBRT 1
| #define HAVE_LIBNSL 1
| #define STDC_HEADERS 1
| #define HAVE_FCNTL_H 1
| #define HAVE_STDARG_H 1
| #define HAVE_INTTYPES_H 1
| #define HAVE_STDINT_H 1
| #define HAVE_POLL_H 1
| #define HAVE_SIGNAL_H 1
| #define HAVE_UNISTD_H 1
| #define HAVE_SYS_EPOLL_H 1
| #define HAVE_SYS_TIME_H 1
| #define HAVE_SYS_QUEUE_H 1
| #define HAVE_SYS_PARAM_H 1
| #define HAVE_SYS_IOCTL_H 1
| #define HAVE_SYS_SELECT_H 1
| #define HAVE_SYS_SOCKET_H 1
| #define HAVE_TAILQFOREACH 1
| #define HAVE_TIMERADD 1
| #define HAVE_TIMERCMP 1
| #define HAVE_TIMERCLEAR 1
| #define HAVE_TIMERISSET 1
| #define TIME_WITH_SYS_TIME 1
| #define HAVE_GETTIMEOFDAY 1
| #define HAVE_VASPRINTF 1
| #define HAVE_FCNTL 1
| #define HAVE_CLOCK_GETTIME 1
| #define HAVE_STRTOK_R 1
| #define HAVE_STRSEP 1
| #define HAVE_GETADDRINFO 1
| #define HAVE_GETNAMEINFO 1
| #define HAVE_INET_NTOP 1
| #define HAVE_SIGNAL 1
| #define HAVE_SIGACTION 1
| #define HAVE_STRTOLL 1
| #define SIZEOF_LONG 8
| #define DNS_USE_CPU_CLOCK_FOR_ID 1
| #define HAVE_SETFD 1
| #define HAVE_SELECT 1
| #define HAVE_POLL 1
| #define HAVE_EPOLL_CTL 1
| #define HAVE_EPOLL 1
| #define HAVE_UINT64_T 1
| #define HAVE_UINT32_T 1
| #define HAVE_UINT16_T 1
| /* end confdefs.h.  */
| #ifdef HAVE_STDINT_H
| #include <stdint.h>
| #elif defined(HAVE_INTTYPES_H)
| #include <inttypes.h>
| #endif
| #ifdef HAVE_SYS_TYPES_H
| #include <sys/types.h>
| #endif
| 
| int
| main ()
| {
| if (sizeof ((uint8_t)))
| 	  return 0;
|   ;
|   return 0;
| }
configure:14312: result: yes
configure:14327: checking size of long long
configure:14632: gcc -o conftest -g -O2 -Wall   conftest.c -lnsl -lrt -lresolv  >&5
configure:14636: $? = 0
configure:14642: ./conftest
configure:14646: $? = 0
configure:14672: result: 8
configure:14686: checking size of long
configure:15031: result: 8
configure:15045: checking size of int
configure:15350: gcc -o conftest -g -O2 -Wall   conftest.c -lnsl -lrt -lresolv  >&5
configure:15354: $? = 0
configure:15360: ./conftest
configure:15364: $? = 0
configure:15390: result: 4
configure:15404: checking size of short
configure:15709: gcc -o conftest -g -O2 -Wall   conftest.c -lnsl -lrt -lresolv  >&5
configure:15713: $? = 0
configure:15719: ./conftest
configure:15723: $? = 0
configure:15749: result: 2
configure:15759: checking for struct in6_addr
configure:15797: gcc -c -g -O2 -Wall  conftest.c >&5
configure:15804: $? = 0
configure:15841: gcc -c -g -O2 -Wall  conftest.c >&5
conftest.c: In function 'main':
conftest.c:87: error: expected expression before ')' token
configure:15848: $? = 1
configure: failed program was:
| /* confdefs.h.  */
| #define PACKAGE_NAME ""
| #define PACKAGE_TARNAME ""
| #define PACKAGE_VERSION ""
| #define PACKAGE_STRING ""
| #define PACKAGE_BUGREPORT ""
| #define PACKAGE "libevent"
| #define VERSION "1.4.9-stable"
| #define STDC_HEADERS 1
| #define HAVE_SYS_TYPES_H 1
| #define HAVE_SYS_STAT_H 1
| #define HAVE_STDLIB_H 1
| #define HAVE_STRING_H 1
| #define HAVE_MEMORY_H 1
| #define HAVE_STRINGS_H 1
| #define HAVE_INTTYPES_H 1
| #define HAVE_STDINT_H 1
| #define HAVE_UNISTD_H 1
| #define HAVE_DLFCN_H 1
| #define LT_OBJDIR ".libs/"
| #define HAVE_LIBRESOLV 1
| #define HAVE_LIBRT 1
| #define HAVE_LIBNSL 1
| #define STDC_HEADERS 1
| #define HAVE_FCNTL_H 1
| #define HAVE_STDARG_H 1
| #define HAVE_INTTYPES_H 1
| #define HAVE_STDINT_H 1
| #define HAVE_POLL_H 1
| #define HAVE_SIGNAL_H 1
| #define HAVE_UNISTD_H 1
| #define HAVE_SYS_EPOLL_H 1
| #define HAVE_SYS_TIME_H 1
| #define HAVE_SYS_QUEUE_H 1
| #define HAVE_SYS_PARAM_H 1
| #define HAVE_SYS_IOCTL_H 1
| #define HAVE_SYS_SELECT_H 1
| #define HAVE_SYS_SOCKET_H 1
| #define HAVE_TAILQFOREACH 1
| #define HAVE_TIMERADD 1
| #define HAVE_TIMERCMP 1
| #define HAVE_TIMERCLEAR 1
| #define HAVE_TIMERISSET 1
| #define TIME_WITH_SYS_TIME 1
| #define HAVE_GETTIMEOFDAY 1
| #define HAVE_VASPRINTF 1
| #define HAVE_FCNTL 1
| #define HAVE_CLOCK_GETTIME 1
| #define HAVE_STRTOK_R 1
| #define HAVE_STRSEP 1
| #define HAVE_GETADDRINFO 1
| #define HAVE_GETNAMEINFO 1
| #define HAVE_INET_NTOP 1
| #define HAVE_SIGNAL 1
| #define HAVE_SIGACTION 1
| #define HAVE_STRTOLL 1
| #define SIZEOF_LONG 8
| #define DNS_USE_CPU_CLOCK_FOR_ID 1
| #define HAVE_SETFD 1
| #define HAVE_SELECT 1
| #define HAVE_POLL 1
| #define HAVE_EPOLL_CTL 1
| #define HAVE_EPOLL 1
| #define HAVE_UINT64_T 1
| #define HAVE_UINT32_T 1
| #define HAVE_UINT16_T 1
| #define HAVE_UINT8_T 1
| #define SIZEOF_LONG_LONG 8
| #define SIZEOF_LONG 8
| #define SIZEOF_INT 4
| #define SIZEOF_SHORT 2
| /* end confdefs.h.  */
| #ifdef WIN32
| #include <winsock2.h>
| #else
| #include <sys/types.h>
| #include <netinet/in.h>
| #include <sys/socket.h>
| #endif
| #ifdef HAVE_NETINET_IN6_H
| #include <netinet/in6.h>
| #endif
| 
| int
| main ()
| {
| if (sizeof ((struct in6_addr)))
| 	  return 0;
|   ;
|   return 0;
| }
configure:15871: result: yes
configure:15883: checking for socklen_t
configure:15908: gcc -c -g -O2 -Wall  conftest.c >&5
conftest.c: In function 'main':
conftest.c:80: warning: unused variable 'x'
configure:15915: $? = 0
configure:15920: result: yes
configure:15938: checking whether our compiler supports __func__
configure:15961: gcc -c -g -O2 -Wall  conftest.c >&5
conftest.c: In function 'main':
conftest.c:78: warning: unused variable 'cp'
configure:15968: $? = 0
configure:15973: result: yes
configure:16290: creating ./config.status

## ---------------- ##
## Cache variables. ##
## ---------------- ##

ac_cv_build=x86_64-unknown-linux-gnu
ac_cv_c_compiler_gnu=yes
ac_cv_c_const=yes
ac_cv_c_inline=inline
ac_cv_env_CC_set=
ac_cv_env_CC_value=
ac_cv_env_CFLAGS_set=
ac_cv_env_CFLAGS_value=
ac_cv_env_CPPFLAGS_set=
ac_cv_env_CPPFLAGS_value=
ac_cv_env_CPP_set=
ac_cv_env_CPP_value=
ac_cv_env_LDFLAGS_set=
ac_cv_env_LDFLAGS_value=
ac_cv_env_LIBS_set=
ac_cv_env_LIBS_value=
ac_cv_env_build_alias_set=
ac_cv_env_build_alias_value=
ac_cv_env_host_alias_set=
ac_cv_env_host_alias_value=
ac_cv_env_target_alias_set=
ac_cv_env_target_alias_value=
ac_cv_func_clock_gettime=yes
ac_cv_func_epoll_ctl=yes
ac_cv_func_fcntl=yes
ac_cv_func_getaddrinfo=yes
ac_cv_func_getnameinfo=yes
ac_cv_func_gettimeofday=yes
ac_cv_func_inet_ntop=yes
ac_cv_func_poll=yes
ac_cv_func_port_create=no
ac_cv_func_select=yes
ac_cv_func_sigaction=yes
ac_cv_func_signal=yes
ac_cv_func_strlcpy=no
ac_cv_func_strsep=yes
ac_cv_func_strtok_r=yes
ac_cv_func_strtoll=yes
ac_cv_func_vasprintf=yes
ac_cv_header_dlfcn_h=yes
ac_cv_header_fcntl_h=yes
ac_cv_header_inttypes_h=yes
ac_cv_header_memory_h=yes
ac_cv_header_netinet_in6_h=no
ac_cv_header_poll_h=yes
ac_cv_header_port_h=no
ac_cv_header_signal_h=yes
ac_cv_header_stdarg_h=yes
ac_cv_header_stdc=yes
ac_cv_header_stdint_h=yes
ac_cv_header_stdlib_h=yes
ac_cv_header_string_h=yes
ac_cv_header_strings_h=yes
ac_cv_header_sys_devpoll_h=no
ac_cv_header_sys_epoll_h=yes
ac_cv_header_sys_event_h=no
ac_cv_header_sys_ioctl_h=yes
ac_cv_header_sys_param_h=yes
ac_cv_header_sys_queue_h=yes
ac_cv_header_sys_select_h=yes
ac_cv_header_sys_socket_h=yes
ac_cv_header_sys_stat_h=yes
ac_cv_header_sys_time_h=yes
ac_cv_header_sys_types_h=yes
ac_cv_header_time=yes
ac_cv_header_unistd_h=yes
ac_cv_host=x86_64-unknown-linux-gnu
ac_cv_lib_nsl_inet_ntoa=yes
ac_cv_lib_resolv_inet_aton=yes
ac_cv_lib_rt_clock_gettime=yes
ac_cv_lib_socket_socket=no
ac_cv_objext=o
ac_cv_path_EGREP='/bin/grep -E'
ac_cv_path_FGREP='/bin/grep -F'
ac_cv_path_GREP=/bin/grep
ac_cv_path_SED=/bin/sed
ac_cv_path_install='/usr/bin/install -c'
ac_cv_path_mkdir=/bin/mkdir
ac_cv_prog_AWK=gawk
ac_cv_prog_CPP='gcc -E'
ac_cv_prog_ac_ct_AR=ar
ac_cv_prog_ac_ct_CC=gcc
ac_cv_prog_ac_ct_OBJDUMP=objdump
ac_cv_prog_ac_ct_RANLIB=ranlib
ac_cv_prog_ac_ct_STRIP=strip
ac_cv_prog_cc_c89=
ac_cv_prog_cc_g=yes
ac_cv_prog_gcc_traditional=no
ac_cv_prog_make_make_set=yes
ac_cv_sizeof_int=4
ac_cv_sizeof_long=8
ac_cv_sizeof_long_long=8
ac_cv_sizeof_short=2
ac_cv_type_pid_t=yes
ac_cv_type_size_t=yes
ac_cv_type_struct_in6_addr=yes
ac_cv_type_uint16_t=yes
ac_cv_type_uint32_t=yes
ac_cv_type_uint64_t=yes
ac_cv_type_uint8_t=yes
am_cv_CC_dependencies_compiler_type=none
lt_cv_deplibs_check_method=pass_all
lt_cv_file_magic_cmd='$MAGIC_CMD'
lt_cv_file_magic_test_file=
lt_cv_ld_reload_flag=-r
lt_cv_nm_interface='BSD nm'
lt_cv_objdir=.libs
lt_cv_path_LD=/usr/bin/ld
lt_cv_path_NM='/usr/bin/nm -B'
lt_cv_prog_compiler_c_o=yes
lt_cv_prog_compiler_pic_works=yes
lt_cv_prog_compiler_rtti_exceptions=no
lt_cv_prog_compiler_static_works=no
lt_cv_prog_gnu_ld=yes
lt_cv_sys_global_symbol_pipe='sed -n -e '\''s/^.*[	 ]\([ABCDGIRSTW][ABCDGIRSTW]*\)[	 ][	 ]*\([_A-Za-z][_A-Za-z0-9]*\)$/\1 \2 \2/p'\'''
lt_cv_sys_global_symbol_to_c_name_address='sed -n -e '\''s/^: \([^ ]*\) $/  {\"\1\", (void *) 0},/p'\'' -e '\''s/^[ABCDGIRSTW]* \([^ ]*\) \([^ ]*\)$/  {"\2", (void *) \&\2},/p'\'''
lt_cv_sys_global_symbol_to_c_name_address_lib_prefix='sed -n -e '\''s/^: \([^ ]*\) $/  {\"\1\", (void *) 0},/p'\'' -e '\''s/^[ABCDGIRSTW]* \([^ ]*\) \(lib[^ ]*\)$/  {"\2", (void *) \&\2},/p'\'' -e '\''s/^[ABCDGIRSTW]* \([^ ]*\) \([^ ]*\)$/  {"lib\2", (void *) \&\2},/p'\'''
lt_cv_sys_global_symbol_to_cdecl='sed -n -e '\''s/^T .* \(.*\)$/extern int \1();/p'\'' -e '\''s/^[ABCDGIRSTW]* .* \(.*\)$/extern char \1;/p'\'''
lt_cv_sys_max_cmd_len=1966080

## ----------------- ##
## Output variables. ##
## ----------------- ##

ACLOCAL='${SHELL} /home/work/source/libevent/missing --run aclocal-1.11'
AMDEPBACKSLASH='\'
AMDEP_FALSE='#'
AMDEP_TRUE=''
AMTAR='${SHELL} /home/work/source/libevent/missing --run tar'
AR='ar'
AUTOCONF='${SHELL} /home/work/source/libevent/missing --run autoconf'
AUTOHEADER='${SHELL} /home/work/source/libevent/missing --run autoheader'
AUTOMAKE='${SHELL} /home/work/source/libevent/missing --run automake-1.11'
AWK='gawk'
BUILD_WIN32_FALSE=''
BUILD_WIN32_TRUE='#'
CC='gcc'
CCDEPMODE='depmode=none'
CFLAGS='-g -O2 -Wall'
CPP='gcc -E'
CPPFLAGS=''
CYGPATH_W='echo'
DEFS='-DHAVE_CONFIG_H'
DEPDIR='.deps'
DSYMUTIL=''
DUMPBIN=''
ECHO_C=''
ECHO_N='-n'
ECHO_T=''
EGREP='/bin/grep -E'
EXEEXT=''
FGREP='/bin/grep -F'
GREP='/bin/grep'
INSTALL_DATA='${INSTALL} -m 644'
INSTALL_PROGRAM='${INSTALL}'
INSTALL_SCRIPT='${INSTALL}'
INSTALL_STRIP_PROGRAM='$(install_sh) -c -s'
LD='/usr/bin/ld -m elf_x86_64'
LDFLAGS=''
LIBOBJS=' ${LIBOBJDIR}select$U.o ${LIBOBJDIR}poll$U.o ${LIBOBJDIR}epoll$U.o ${LIBOBJDIR}signal$U.o'
LIBS='-lnsl -lrt -lresolv '
LIBTOOL='$(SHELL) $(top_builddir)/libtool'
LIBTOOL_DEPS='./ltmain.sh'
LIPO=''
LN_S='ln -s'
LTLIBOBJS=' ${LIBOBJDIR}select$U.lo ${LIBOBJDIR}poll$U.lo ${LIBOBJDIR}epoll$U.lo ${LIBOBJDIR}signal$U.lo'
MAKEINFO='${SHELL} /home/work/source/libevent/missing --run makeinfo'
MKDIR_P='/bin/mkdir -p'
NM='/usr/bin/nm -B'
NMEDIT=''
OBJDUMP='objdump'
OBJEXT='o'
OTOOL64=''
OTOOL=''
PACKAGE='libevent'
PACKAGE_BUGREPORT=''
PACKAGE_NAME=''
PACKAGE_STRING=''
PACKAGE_TARNAME=''
PACKAGE_VERSION=''
PATH_SEPARATOR=':'
RANLIB='ranlib'
SED='/bin/sed'
SET_MAKE=''
SHELL='/bin/sh'
STRIP='strip'
VERSION='1.4.9-stable'
ac_ct_CC='gcc'
ac_ct_DUMPBIN=''
am__EXEEXT_FALSE=''
am__EXEEXT_TRUE='#'
am__fastdepCC_FALSE=''
am__fastdepCC_TRUE='#'
am__include='include'
am__isrc=''
am__leading_dot='.'
am__quote=''
am__tar='${AMTAR} chof - "$$tardir"'
am__untar='${AMTAR} xf -'
bindir='${exec_prefix}/bin'
build='x86_64-unknown-linux-gnu'
build_alias=''
build_cpu='x86_64'
build_os='linux-gnu'
build_vendor='unknown'
datadir='${datarootdir}'
datarootdir='${prefix}/share'
docdir='${datarootdir}/doc/${PACKAGE}'
dvidir='${docdir}'
exec_prefix='${prefix}'
host='x86_64-unknown-linux-gnu'
host_alias=''
host_cpu='x86_64'
host_os='linux-gnu'
host_vendor='unknown'
htmldir='${docdir}'
includedir='${prefix}/include'
infodir='${datarootdir}/info'
install_sh='${SHELL} /home/work/source/libevent/install-sh'
libdir='${exec_prefix}/lib'
libexecdir='${exec_prefix}/libexec'
localedir='${datarootdir}/locale'
localstatedir='${prefix}/var'
lt_ECHO='echo'
mandir='${datarootdir}/man'
mkdir_p='/bin/mkdir -p'
oldincludedir='/usr/include'
pdfdir='${docdir}'
prefix='/usr/local'
program_transform_name='s,x,x,'
psdir='${docdir}'
sbindir='${exec_prefix}/sbin'
sharedstatedir='${prefix}/com'
sysconfdir='${prefix}/etc'
target_alias=''

## ----------- ##
## confdefs.h. ##
## ----------- ##

#define PACKAGE_NAME ""
#define PACKAGE_TARNAME ""
#define PACKAGE_VERSION ""
#define PACKAGE_STRING ""
#define PACKAGE_BUGREPORT ""
#define PACKAGE "libevent"
#define VERSION "1.4.9-stable"
#define STDC_HEADERS 1
#define HAVE_SYS_TYPES_H 1
#define HAVE_SYS_STAT_H 1
#define HAVE_STDLIB_H 1
#define HAVE_STRING_H 1
#define HAVE_MEMORY_H 1
#define HAVE_STRINGS_H 1
#define HAVE_INTTYPES_H 1
#define HAVE_STDINT_H 1
#define HAVE_UNISTD_H 1
#define HAVE_DLFCN_H 1
#define LT_OBJDIR ".libs/"
#define HAVE_LIBRESOLV 1
#define HAVE_LIBRT 1
#define HAVE_LIBNSL 1
#define STDC_HEADERS 1
#define HAVE_FCNTL_H 1
#define HAVE_STDARG_H 1
#define HAVE_INTTYPES_H 1
#define HAVE_STDINT_H 1
#define HAVE_POLL_H 1
#define HAVE_SIGNAL_H 1
#define HAVE_UNISTD_H 1
#define HAVE_SYS_EPOLL_H 1
#define HAVE_SYS_TIME_H 1
#define HAVE_SYS_QUEUE_H 1
#define HAVE_SYS_PARAM_H 1
#define HAVE_SYS_IOCTL_H 1
#define HAVE_SYS_SELECT_H 1
#define HAVE_SYS_SOCKET_H 1
#define HAVE_TAILQFOREACH 1
#define HAVE_TIMERADD 1
#define HAVE_TIMERCMP 1
#define HAVE_TIMERCLEAR 1
#define HAVE_TIMERISSET 1
#define TIME_WITH_SYS_TIME 1
#define HAVE_GETTIMEOFDAY 1
#define HAVE_VASPRINTF 1
#define HAVE_FCNTL 1
#define HAVE_CLOCK_GETTIME 1
#define HAVE_STRTOK_R 1
#define HAVE_STRSEP 1
#define HAVE_GETADDRINFO 1
#define HAVE_GETNAMEINFO 1
#define HAVE_INET_NTOP 1
#define HAVE_SIGNAL 1
#define HAVE_SIGACTION 1
#define HAVE_STRTOLL 1
#define SIZEOF_LONG 8
#define DNS_USE_CPU_CLOCK_FOR_ID 1
#define HAVE_SETFD 1
#define HAVE_SELECT 1
#define HAVE_POLL 1
#define HAVE_EPOLL_CTL 1
#define HAVE_EPOLL 1
#define HAVE_UINT64_T 1
#define HAVE_UINT32_T 1
#define HAVE_UINT16_T 1
#define HAVE_UINT8_T 1
#define SIZEOF_LONG_LONG 8
#define SIZEOF_LONG 8
#define SIZEOF_INT 4
#define SIZEOF_SHORT 2
#define HAVE_STRUCT_IN6_ADDR 1

configure: exit 0

## ---------------------- ##
## Running config.status. ##
## ---------------------- ##

This file was extended by config.status, which was
generated by GNU Autoconf 2.63.  Invocation command line was

  CONFIG_FILES    = 
  CONFIG_HEADERS  = 
  CONFIG_LINKS    = 
  CONFIG_COMMANDS = 
  $ ./config.status 

on cq02-url-system13.cq02.baidu.com

config.status:1040: creating Makefile
config.status:1040: creating test/Makefile
config.status:1040: creating sample/Makefile
config.status:1040: creating config.h
config.status:1314: executing depfiles commands
config.status:1314: executing libtool commands

## ---------------------- ##
## Running config.status. ##
## ---------------------- ##

This file was extended by config.status, which was
generated by GNU Autoconf 2.63.  Invocation command line was

  CONFIG_FILES    = 
  CONFIG_HEADERS  = 
  CONFIG_LINKS    = 
  CONFIG_COMMANDS = 
  $ ./config.status config.h

on cq02-url-system13.cq02.baidu.com

config.status:1040: creating config.h
